<?xml version="1.0" encoding="UTF-8"?>
<testng-results ignored="0" total="1" passed="1" failed="0" skipped="0">
  <reporter-output>
  </reporter-output>
  <suite started-at="2023-05-16T15:41:36 EEST" name="Carina Demo Tests - Hello World" finished-at="2023-05-16T15:41:37 EEST" duration-ms="50">
    <groups>
    </groups>
    <test started-at="2023-05-16T15:41:36 EEST" name="Hello World test" finished-at="2023-05-16T15:41:37 EEST" duration-ms="50">
      <class name="com.solvd.carina.demo.HelloWorld">
        <test-method signature="helloWorld()[pri:0, instance:com.solvd.carina.demo.HelloWorld@6465f4a]" started-at="2023-05-16T15:41:36 EEST" name="helloWorld" finished-at="2023-05-16T15:41:36 EEST" duration-ms="10" status="PASS">
          <reporter-output>
          </reporter-output>
        </test-method> <!-- helloWorld -->
        <test-method is-config="true" signature="onCarinaAfterMethod()[pri:0, instance:com.solvd.carina.demo.HelloWorld@6465f4a]" started-at="2023-05-16T15:41:36 EEST" name="onCarinaAfterMethod" finished-at="2023-05-16T15:41:37 EEST" duration-ms="1" status="PASS">
          <reporter-output>
          </reporter-output>
        </test-method> <!-- onCarinaAfterMethod -->
      </class> <!-- com.solvd.carina.demo.HelloWorld -->
    </test> <!-- Hello World test -->
  </suite> <!-- Carina Demo Tests - Hello World -->
</testng-results>
